app/build/intermediates/manifest_merge_blame_file/debug/manifest-merger-blame-debug-report.txt
1<?xml version="1.0" encoding="utf-8"?>
2<manifest xmlns:android="http://schemas.android.com/apk/res/android"
3    package="com.example.project_2"
4    android:versionCode="1"
5    android:versionName="1.0" >
6
7    <uses-sdk
8        android:minSdkVersion="16"
8-->src\main\AndroidManifest.xml
9        android:targetSdkVersion="30" />
9-->src\main\AndroidManifest.xml
10
11    <uses-permission android:name="android.permission.INTERNET" />
11-->src\main\AndroidManifest.xml:5:5-67
11-->src\main\AndroidManifest.xml:5:22-64
12    <uses-permission android:name="android.permission.WRITE_EXTERNAL_STORAGE" />
12-->src\main\AndroidManifest.xml:6:5-81
12-->src\main\AndroidManifest.xml:6:22-78
13    <uses-permission android:name="android.permission.READ_EXTERNAL_STORAGE" />
13-->src\main\AndroidManifest.xml:7:5-80
13-->src\main\AndroidManifest.xml:7:22-77
14    <uses-permission android:name="android.permission.CAMERA" />
14-->src\main\AndroidManifest.xml:8:5-65
14-->src\main\AndroidManifest.xml:8:22-62
15
16    <uses-feature android:name="android.hardware.camera" />
16-->src\main\AndroidManifest.xml:10:5-60
16-->src\main\AndroidManifest.xml:10:19-57
17    <uses-feature android:name="android.hardware.camera.autofocus" />
17-->src\main\AndroidManifest.xml:11:5-70
17-->src\main\AndroidManifest.xml:11:19-67
18    <uses-feature android:name="android.hardware.camera.flash" />
18-->src\main\AndroidManifest.xml:12:5-66
18-->src\main\AndroidManifest.xml:12:19-63
19
20    <!-- Although the *SdkVersion is captured in gradle build files, this is required for non gradle builds -->
21    <!-- <uses-sdk android:minSdkVersion="14"/> -->
22    <uses-permission android:name="android.permission.ACCESS_NETWORK_STATE" />
22-->[com.google.firebase:firebase-database:19.7.0] AndroidManifest.xml:25:5-79
22-->[com.google.firebase:firebase-database:19.7.0] AndroidManifest.xml:25:22-76
23
24    <application
24-->src\main\AndroidManifest.xml:14:5-74:19
25        android:name="androidx.multidex.MultiDexApplication"
25-->src\main\AndroidManifest.xml:15:9-61
26        android:allowBackup="true"
26-->src\main\AndroidManifest.xml:16:9-35
27        android:appComponentFactory="androidx.core.app.CoreComponentFactory"
27-->[androidx.core:core:1.3.1] AndroidManifest.xml:24:18-86
28        android:debuggable="true"
29        android:icon="@mipmap/ic_launcher"
29-->src\main\AndroidManifest.xml:17:9-43
30        android:label="@string/app_name"
30-->src\main\AndroidManifest.xml:18:9-41
31        android:roundIcon="@mipmap/ic_launcher_round"
31-->src\main\AndroidManifest.xml:19:9-54
32        android:supportsRtl="true"
32-->src\main\AndroidManifest.xml:20:9-35
33        android:testOnly="true"
34        android:theme="@style/Theme.AppCompat.NoActionBar" >
34-->src\main\AndroidManifest.xml:21:9-59
35        <activity android:name="com.example.project_2.AdminProfile" />
35-->src\main\AndroidManifest.xml:22:9-59
35-->src\main\AndroidManifest.xml:22:19-47
36        <activity android:name="com.example.project_2.HerbalistProfile" />
36-->src\main\AndroidManifest.xml:23:9-54
36-->src\main\AndroidManifest.xml:23:19-51
37        <activity
37-->src\main\AndroidManifest.xml:24:9-26:55
38            android:name="com.example.project_2.ChatActivity"
38-->src\main\AndroidManifest.xml:25:13-41
39            android:parentActivityName="com.example.project_2.herbalist" />
39-->src\main\AndroidManifest.xml:26:13-52
40        <activity android:name="com.example.project_2.ProfileActivity" />
40-->src\main\AndroidManifest.xml:27:9-53
40-->src\main\AndroidManifest.xml:27:19-50
41        <activity android:name="com.example.project_2.herbalist" />
41-->src\main\AndroidManifest.xml:28:9-47
41-->src\main\AndroidManifest.xml:28:19-44
42        <activity android:name="com.example.project_2.gallery_recycler" />
42-->src\main\AndroidManifest.xml:29:9-54
42-->src\main\AndroidManifest.xml:29:19-51
43        <activity android:name="com.example.project_2.update_plant" />
43-->src\main\AndroidManifest.xml:30:9-50
43-->src\main\AndroidManifest.xml:30:19-47
44        <activity android:name="com.example.project_2.Terms_Condition" />
44-->src\main\AndroidManifest.xml:31:9-53
44-->src\main\AndroidManifest.xml:31:19-50
45        <activity android:name="com.example.project_2.privacy_policy" />
45-->src\main\AndroidManifest.xml:32:9-52
45-->src\main\AndroidManifest.xml:32:19-49
46        <activity
46-->src\main\AndroidManifest.xml:33:9-35:75
47            android:name="com.example.project_2.change_password"
47-->src\main\AndroidManifest.xml:34:13-44
48            android:theme="@style/Theme.AppCompat.DayNight.NoActionBar" />
48-->src\main\AndroidManifest.xml:35:13-72
49        <activity android:name="com.example.project_2.settings" />
49-->src\main\AndroidManifest.xml:36:9-46
49-->src\main\AndroidManifest.xml:36:19-43
50        <activity android:name="com.example.project_2.ViewConfirm" />
50-->src\main\AndroidManifest.xml:37:9-49
50-->src\main\AndroidManifest.xml:37:19-46
51        <activity android:name="com.example.project_2.confirm_list" />
51-->src\main\AndroidManifest.xml:38:9-50
51-->src\main\AndroidManifest.xml:38:19-47
52        <activity android:name="com.example.project_2.view_plant" />
52-->src\main\AndroidManifest.xml:39:9-48
52-->src\main\AndroidManifest.xml:39:19-45
53        <activity android:name="com.example.project_2.search" />
53-->src\main\AndroidManifest.xml:40:9-44
53-->src\main\AndroidManifest.xml:40:19-41
54        <activity android:name="com.example.project_2.forget_password" />
54-->src\main\AndroidManifest.xml:41:9-53
54-->src\main\AndroidManifest.xml:41:19-50
55        <activity android:name="com.example.project_2.add_plant" />
55-->src\main\AndroidManifest.xml:42:9-47
55-->src\main\AndroidManifest.xml:42:19-44
56        <activity android:name="com.example.project_2.Edit_userprofile" />
56-->src\main\AndroidManifest.xml:43:9-54
56-->src\main\AndroidManifest.xml:43:19-51
57        <activity android:name="com.example.project_2.user_account" />
57-->src\main\AndroidManifest.xml:44:9-50
57-->src\main\AndroidManifest.xml:44:19-47
58        <activity android:name="com.example.project_2.home" />
58-->src\main\AndroidManifest.xml:45:9-42
58-->src\main\AndroidManifest.xml:45:19-39
59        <activity android:name="com.example.project_2.sign_up" />
59-->src\main\AndroidManifest.xml:46:9-45
59-->src\main\AndroidManifest.xml:46:19-42
60        <activity android:name="com.example.project_2.sign_in" />
60-->src\main\AndroidManifest.xml:47:9-45
60-->src\main\AndroidManifest.xml:47:19-42
61        <activity android:name="com.example.project_2.searchable" >
61-->src\main\AndroidManifest.xml:48:9-56:20
61-->src\main\AndroidManifest.xml:48:19-45
62            <intent-filter>
62-->src\main\AndroidManifest.xml:49:13-51:29
63                <action android:name="android.intent.action.SEARCH" />
63-->src\main\AndroidManifest.xml:50:17-71
63-->src\main\AndroidManifest.xml:50:25-68
64            </intent-filter>
65
66            <meta-data
66-->src\main\AndroidManifest.xml:53:13-55:66
67                android:name="android.app.searchable"
67-->src\main\AndroidManifest.xml:54:17-54
68                android:resource="@layout/activity_searchable" />
68-->src\main\AndroidManifest.xml:55:17-63
69        </activity>
70        <activity android:name="com.example.project_2.splashScreen" >
70-->src\main\AndroidManifest.xml:57:9-63:20
70-->src\main\AndroidManifest.xml:57:19-47
71            <intent-filter>
71-->src\main\AndroidManifest.xml:58:13-62:29
72                <action android:name="android.intent.action.MAIN" />
72-->src\main\AndroidManifest.xml:59:17-69
72-->src\main\AndroidManifest.xml:59:25-66
73
74                <category android:name="android.intent.category.LAUNCHER" />
74-->src\main\AndroidManifest.xml:61:17-77
74-->src\main\AndroidManifest.xml:61:27-74
75            </intent-filter>
76        </activity>
77
78        <provider
79            android:name="androidx.core.content.FileProvider"
79-->src\main\AndroidManifest.xml:66:13-62
80            android:authorities="com.example.project_2.provider"
80-->src\main\AndroidManifest.xml:67:13-60
81            android:exported="false"
81-->src\main\AndroidManifest.xml:68:13-37
82            android:grantUriPermissions="true" >
82-->src\main\AndroidManifest.xml:69:13-47
83            <meta-data
83-->src\main\AndroidManifest.xml:70:13-72:63
84                android:name="android.support.FILE_PROVIDER_PATHS"
84-->src\main\AndroidManifest.xml:71:17-67
85                android:resource="@xml/file_provider_paths" />
85-->src\main\AndroidManifest.xml:72:17-60
86        </provider>
87
88        <activity
88-->[com.karumi:dexter:4.2.0] AndroidManifest.xml:27:9-29:72
89            android:name="com.karumi.dexter.DexterActivity"
89-->[com.karumi:dexter:4.2.0] AndroidManifest.xml:28:13-60
90            android:theme="@style/Dexter.Internal.Theme.Transparent" />
90-->[com.karumi:dexter:4.2.0] AndroidManifest.xml:29:13-69
91
92        <service
92-->[com.google.firebase:firebase-database:19.7.0] AndroidManifest.xml:29:9-35:19
93            android:name="com.google.firebase.components.ComponentDiscoveryService"
93-->[com.google.firebase:firebase-database:19.7.0] AndroidManifest.xml:30:13-84
94            android:directBootAware="true"
94-->[com.google.firebase:firebase-common:19.5.0] AndroidManifest.xml:35:13-43
95            android:exported="false" >
95-->[com.google.firebase:firebase-database:19.7.0] AndroidManifest.xml:31:13-37
96            <meta-data
96-->[com.google.firebase:firebase-database:19.7.0] AndroidManifest.xml:32:13-34:85
97                android:name="com.google.firebase.components:com.google.firebase.database.DatabaseRegistrar"
97-->[com.google.firebase:firebase-database:19.7.0] AndroidManifest.xml:33:17-109
98                android:value="com.google.firebase.components.ComponentRegistrar" />
98-->[com.google.firebase:firebase-database:19.7.0] AndroidManifest.xml:34:17-82
99            <meta-data
99-->[com.google.firebase:firebase-storage:19.2.2] AndroidManifest.xml:33:13-35:85
100                android:name="com.google.firebase.components:com.google.firebase.storage.StorageRegistrar"
100-->[com.google.firebase:firebase-storage:19.2.2] AndroidManifest.xml:34:17-107
101                android:value="com.google.firebase.components.ComponentRegistrar" />
101-->[com.google.firebase:firebase-storage:19.2.2] AndroidManifest.xml:35:17-82
102            <meta-data
102-->[com.google.firebase:firebase-auth:20.0.3] AndroidManifest.xml:77:13-79:85
103                android:name="com.google.firebase.components:com.google.firebase.auth.FirebaseAuthRegistrar"
103-->[com.google.firebase:firebase-auth:20.0.3] AndroidManifest.xml:78:17-109
104                android:value="com.google.firebase.components.ComponentRegistrar" />
104-->[com.google.firebase:firebase-auth:20.0.3] AndroidManifest.xml:79:17-82
105            <!--
106                This registrar is not defined in the dynamic-module-support sdk itself to allow non-firebase
107                clients to use it as well, by defining this registrar in their own core/common library.
108            -->
109            <meta-data
109-->[com.google.firebase:firebase-common:19.5.0] AndroidManifest.xml:43:13-45:85
110                android:name="com.google.firebase.components:com.google.firebase.dynamicloading.DynamicLoadingRegistrar"
110-->[com.google.firebase:firebase-common:19.5.0] AndroidManifest.xml:44:17-121
111                android:value="com.google.firebase.components.ComponentRegistrar" />
111-->[com.google.firebase:firebase-common:19.5.0] AndroidManifest.xml:45:17-82
112        </service>
113
114        <activity
114-->[com.google.firebase:firebase-auth:20.0.3] AndroidManifest.xml:27:9-44:20
115            android:name="com.google.firebase.auth.internal.GenericIdpActivity"
115-->[com.google.firebase:firebase-auth:20.0.3] AndroidManifest.xml:28:13-80
116            android:excludeFromRecents="true"
116-->[com.google.firebase:firebase-auth:20.0.3] AndroidManifest.xml:29:13-46
117            android:exported="true"
117-->[com.google.firebase:firebase-auth:20.0.3] AndroidManifest.xml:30:13-36
118            android:launchMode="singleTask"
118-->[com.google.firebase:firebase-auth:20.0.3] AndroidManifest.xml:31:13-44
119            android:theme="@android:style/Theme.Translucent.NoTitleBar" >
119-->[com.google.firebase:firebase-auth:20.0.3] AndroidManifest.xml:32:13-72
120            <intent-filter>
120-->[com.google.firebase:firebase-auth:20.0.3] AndroidManifest.xml:33:13-43:29
121                <action android:name="android.intent.action.VIEW" />
121-->[com.google.firebase:firebase-auth:20.0.3] AndroidManifest.xml:34:17-69
121-->[com.google.firebase:firebase-auth:20.0.3] AndroidManifest.xml:34:25-66
122
123                <category android:name="android.intent.category.DEFAULT" />
123-->[com.google.firebase:firebase-auth:20.0.3] AndroidManifest.xml:36:17-76
123-->[com.google.firebase:firebase-auth:20.0.3] AndroidManifest.xml:36:27-73
124                <category android:name="android.intent.category.BROWSABLE" />
124-->[com.google.firebase:firebase-auth:20.0.3] AndroidManifest.xml:37:17-78
124-->[com.google.firebase:firebase-auth:20.0.3] AndroidManifest.xml:37:27-75
125
126                <data
126-->[com.google.firebase:firebase-auth:20.0.3] AndroidManifest.xml:39:17-42:51
127                    android:host="firebase.auth"
127-->[com.google.firebase:firebase-auth:20.0.3] AndroidManifest.xml:40:21-49
128                    android:path="/"
128-->[com.google.firebase:firebase-auth:20.0.3] AndroidManifest.xml:41:21-37
129                    android:scheme="genericidp" />
129-->[com.google.firebase:firebase-auth:20.0.3] AndroidManifest.xml:42:21-48
130            </intent-filter>
131        </activity>
132        <activity
132-->[com.google.firebase:firebase-auth:20.0.3] AndroidManifest.xml:45:9-62:20
133            android:name="com.google.firebase.auth.internal.RecaptchaActivity"
133-->[com.google.firebase:firebase-auth:20.0.3] AndroidManifest.xml:46:13-79
134            android:excludeFromRecents="true"
134-->[com.google.firebase:firebase-auth:20.0.3] AndroidManifest.xml:47:13-46
135            android:exported="true"
135-->[com.google.firebase:firebase-auth:20.0.3] AndroidManifest.xml:48:13-36
136            android:launchMode="singleTask"
136-->[com.google.firebase:firebase-auth:20.0.3] AndroidManifest.xml:49:13-44
137            android:theme="@android:style/Theme.Translucent.NoTitleBar" >
137-->[com.google.firebase:firebase-auth:20.0.3] AndroidManifest.xml:50:13-72
138            <intent-filter>
138-->[com.google.firebase:firebase-auth:20.0.3] AndroidManifest.xml:51:13-61:29
139                <action android:name="android.intent.action.VIEW" />
139-->[com.google.firebase:firebase-auth:20.0.3] AndroidManifest.xml:34:17-69
139-->[com.google.firebase:firebase-auth:20.0.3] AndroidManifest.xml:34:25-66
140
141                <category android:name="android.intent.category.DEFAULT" />
141-->[com.google.firebase:firebase-auth:20.0.3] AndroidManifest.xml:36:17-76
141-->[com.google.firebase:firebase-auth:20.0.3] AndroidManifest.xml:36:27-73
142                <category android:name="android.intent.category.BROWSABLE" />
142-->[com.google.firebase:firebase-auth:20.0.3] AndroidManifest.xml:37:17-78
142-->[com.google.firebase:firebase-auth:20.0.3] AndroidManifest.xml:37:27-75
143
144                <data
144-->[com.google.firebase:firebase-auth:20.0.3] AndroidManifest.xml:39:17-42:51
145                    android:host="firebase.auth"
145-->[com.google.firebase:firebase-auth:20.0.3] AndroidManifest.xml:40:21-49
146                    android:path="/"
146-->[com.google.firebase:firebase-auth:20.0.3] AndroidManifest.xml:41:21-37
147                    android:scheme="recaptcha" />
147-->[com.google.firebase:firebase-auth:20.0.3] AndroidManifest.xml:42:21-48
148            </intent-filter>
149        </activity>
150
151        <service
151-->[com.google.firebase:firebase-auth:20.0.3] AndroidManifest.xml:64:9-73:19
152            android:name="com.google.firebase.auth.api.fallback.service.FirebaseAuthFallbackService"
152-->[com.google.firebase:firebase-auth:20.0.3] AndroidManifest.xml:65:13-101
153            android:enabled="true"
153-->[com.google.firebase:firebase-auth:20.0.3] AndroidManifest.xml:66:13-35
154            android:exported="false" >
154-->[com.google.firebase:firebase-auth:20.0.3] AndroidManifest.xml:67:13-37
155            <intent-filter>
155-->[com.google.firebase:firebase-auth:20.0.3] AndroidManifest.xml:68:13-72:29
156                <action android:name="com.google.firebase.auth.api.gms.service.START" />
156-->[com.google.firebase:firebase-auth:20.0.3] AndroidManifest.xml:69:17-89
156-->[com.google.firebase:firebase-auth:20.0.3] AndroidManifest.xml:69:25-86
157
158                <category android:name="android.intent.category.DEFAULT" />
158-->[com.google.firebase:firebase-auth:20.0.3] AndroidManifest.xml:36:17-76
158-->[com.google.firebase:firebase-auth:20.0.3] AndroidManifest.xml:36:27-73
159            </intent-filter>
160        </service>
161
162        <provider
162-->[com.squareup.picasso:picasso:2.71828] AndroidManifest.xml:8:9-11:40
163            android:name="com.squareup.picasso.PicassoProvider"
163-->[com.squareup.picasso:picasso:2.71828] AndroidManifest.xml:9:13-64
164            android:authorities="com.example.project_2.com.squareup.picasso"
164-->[com.squareup.picasso:picasso:2.71828] AndroidManifest.xml:10:13-72
165            android:exported="false" />
165-->[com.squareup.picasso:picasso:2.71828] AndroidManifest.xml:11:13-37
166        <provider
166-->[com.google.firebase:firebase-common:19.5.0] AndroidManifest.xml:26:9-31:39
167            android:name="com.google.firebase.provider.FirebaseInitProvider"
167-->[com.google.firebase:firebase-common:19.5.0] AndroidManifest.xml:27:13-77
168            android:authorities="com.example.project_2.firebaseinitprovider"
168-->[com.google.firebase:firebase-common:19.5.0] AndroidManifest.xml:28:13-72
169            android:directBootAware="true"
169-->[com.google.firebase:firebase-common:19.5.0] AndroidManifest.xml:29:13-43
170            android:exported="false"
170-->[com.google.firebase:firebase-common:19.5.0] AndroidManifest.xml:30:13-37
171            android:initOrder="100" />
171-->[com.google.firebase:firebase-common:19.5.0] AndroidManifest.xml:31:13-36
172
173        <activity
173-->[com.google.android.gms:play-services-base:17.1.0] AndroidManifest.xml:23:9-26:75
174            android:name="com.google.android.gms.common.api.GoogleApiActivity"
174-->[com.google.android.gms:play-services-base:17.1.0] AndroidManifest.xml:24:13-79
175            android:exported="false"
175-->[com.google.android.gms:play-services-base:17.1.0] AndroidManifest.xml:25:13-37
176            android:theme="@android:style/Theme.Translucent.NoTitleBar" />
176-->[com.google.android.gms:play-services-base:17.1.0] AndroidManifest.xml:26:13-72
177
178        <meta-data
178-->[com.google.android.gms:play-services-basement:17.1.0] AndroidManifest.xml:23:9-25:69
179            android:name="com.google.android.gms.version"
179-->[com.google.android.gms:play-services-basement:17.1.0] AndroidManifest.xml:24:13-58
180            android:value="@integer/google_play_services_version" />
180-->[com.google.android.gms:play-services-basement:17.1.0] AndroidManifest.xml:25:13-66
181    </application>
182
183</manifest>